Mono path[0] = 'C:/Program Files (x86)/Steam/steamapps/common/RimWorld/RimWorldWin64_Data/Managed'
Mono config path = 'C:/Program Files (x86)/Steam/steamapps/common/RimWorld/MonoBleedingEdge/etc'
Initialize engine version: 2019.4.30f1 (e8c891080a1f)
[Subsystems] Discovering subsystems at path C:/Program Files (x86)/Steam/steamapps/common/RimWorld/RimWorldWin64_Data/UnitySubsystems
GfxDevice: creating device client; threaded=1
Direct3D:
    Version:  Direct3D 11.0 [level 11.1]
    Renderer: NVIDIA GeForce RTX 3070 (ID=0x2484)
    Vendor:   
    VRAM:     8043 MB
    Driver:   30.0.14.7111
Begin MonoManager ReloadAssembly
- Completed reload, in  0.092 seconds
<RI> Initializing input.
<RI> Input initialized.
<RI> Initialized touch support.
UnloadTime: 0.525200 ms
RimWorld 1.3.3389 rev40
Fallback handler could not load library C:/Program Files (x86)/Steam/steamapps/common/RimWorld/RimWorldWin64_Data/Mono/data-00000179FBE30080.dll
Fallback handler could not load library C:/Program Files (x86)/Steam/steamapps/common/RimWorld/RimWorldWin64_Data/Mono/data-00000179FAFCC150.dll
Fallback handler could not load library C:/Program Files (x86)/Steam/steamapps/common/RimWorld/RimWorldWin64_Data/Mono/data-00000179FBF148B0.dll
Fallback handler could not load library C:/Program Files (x86)/Steam/steamapps/common/RimWorld/RimWorldWin64_Data/Mono/data-00000179FB018010.dll
Fallback handler could not load library C:/Program Files (x86)/Steam/steamapps/common/RimWorld/RimWorldWin64_Data/Mono/data-00000179D4D49EC0.dll
Fallback handler could not load library C:/Program Files (x86)/Steam/steamapps/common/RimWorld/RimWorldWin64_Data/Mono/data-00000179FA366030.dll
Fallback handler could not load library C:/Program Files (x86)/Steam/steamapps/common/RimWorld/RimWorldWin64_Data/Mono/data-00000179D4D5C2D0.dll
Fallback handler could not load library C:/Program Files (x86)/Steam/steamapps/common/RimWorld/RimWorldWin64_Data/Mono/data-00000179D4D704E0.dll
Fallback handler could not load library C:/Program Files (x86)/Steam/steamapps/common/RimWorld/RimWorldWin64_Data/Mono/data-00000179FC1168D0.dll
Fallback handler could not load library C:/Program Files (x86)/Steam/steamapps/common/RimWorld/RimWorldWin64_Data/Mono/data-00000179FC19F110.dll
Fallback handler could not load library C:/Program Files (x86)/Steam/steamapps/common/RimWorld/RimWorldWin64_Data/Mono/data-00000179FC239010.dll
Fallback handler could not load library C:/Program Files (x86)/Steam/steamapps/common/RimWorld/RimWorldWin64_Data/Mono/data-00000179FC27C030.dll
Fallback handler could not load library C:/Program Files (x86)/Steam/steamapps/common/RimWorld/RimWorldWin64_Data/Mono/data-00000179FC2AA840.dll
Fallback handler could not load library C:/Program Files (x86)/Steam/steamapps/common/RimWorld/RimWorldWin64_Data/Mono/data-00000179FC2B0850.dll
Fallback handler could not load library C:/Program Files (x86)/Steam/steamapps/common/RimWorld/RimWorldWin64_Data/Mono/data-00000179FC568020.dll
Fallback handler could not load library C:/Program Files (x86)/Steam/steamapps/common/RimWorld/RimWorldWin64_Data/Mono/data-00000179FC8D1120.dll
ToolkitUtils Installed
ToolkitUtils Active
<color=#6441A4>[Toolkit]</color> trying to load vars after def database loaded
<color=#6441A4>[Toolkit]</color> exposing vote weights
<color=#6441A4>[Toolkit]</color> exposing vote weights
<color=#6441A4>[Toolkit]</color> exposing vote weights
<color="#FF6B00">WARN ToolkitUtils :: Successfully lanced Twitch Toolkit's ticker.
A message from RimWorld about discarding an unnamed def can be safely ignored.
An exception about aborting a thread can be safely ignored.</color>
Tried to discard UnnamedDef-1 whose state is -1. 
(Filename: C:\buildslave\unity\build\Runtime/Export/Debug/Debug.bindings.h Line: 39)

Fallback handler could not load library C:/Program Files (x86)/Steam/steamapps/common/RimWorld/RimWorldWin64_Data/Mono/data-0000017A0878A040.dll
ThreadInterruptedException
  at (wrapper managed-to-native) System.Object.__icall_wrapper_mono_thread_self_abort()
  at TwitchToolkit.Ticker.Register () [0x000a9] in <edba5b8022834d4698df2fad203695a7>:0 
  at System.Threading.ThreadHelper.ThreadStart_Context (System.Object state) [0x00014] in <eae584ce26bc40229c1b1aa476bfa589>:0 
  at System.Threading.ExecutionContext.RunInternal (System.Threading.ExecutionContext executionContext, System.Threading.ContextCallback callback, System.Object state, System.Boolean preserveSyncCtx) [0x00071] in <eae584ce26bc40229c1b1aa476bfa589>:0 
  at System.Threading.ExecutionContext.Run (System.Threading.ExecutionContext executionContext, System.Threading.ContextCallback callback, System.Object state, System.Boolean preserveSyncCtx) [0x00000] in <eae584ce26bc40229c1b1aa476bfa589>:0 
  at System.Threading.ExecutionContext.Run (System.Threading.ExecutionContext executionContext, System.Threading.ContextCallback callback, System.Object state) [0x0002b] in <eae584ce26bc40229c1b1aa476bfa589>:0 
  at System.Threading.ThreadHelper.ThreadStart () [0x00008] in <eae584ce26bc40229c1b1aa476bfa589>:0 
UnityEngine.DebugLogHandler:Internal_LogException(Exception, Object)
UnityEngine.DebugLogHandler:LogException(Exception, Object)
UnityEngine.Logger:LogException(Exception, Object)
UnityEngine.Debug:LogException(Exception)
UnityEngine.<>c:<RegisterUECatcher>b__0_0(Object, UnhandledExceptionEventArgs)
System.Object:__icall_wrapper_mono_thread_self_abort()
TwitchToolkit.Ticker:Register()
System.Threading.ThreadHelper:ThreadStart_Context(Object)
System.Threading.ExecutionContext:RunInternal(ExecutionContext, ContextCallback, Object, Boolean)
System.Threading.ExecutionContext:Run(ExecutionContext, ContextCallback, Object, Boolean)
System.Threading.ExecutionContext:Run(ExecutionContext, ContextCallback, Object)
System.Threading.ThreadHelper:ThreadStart()
 
(Filename: <edba5b8022834d4698df2fad203695a7> Line: 0)

INFO ToolkitUtils :: {"_links":{},"chatter_count":3,"chatters":{"broadcaster":[],"vips":[],"moderators":["nightbot","streamelements"],"staff":[],"admins":[],"global_mods":[],"viewers":["business_daddy"]}}
Unloading 5 Unused Serialized files (Serialized files now loaded: 0)

Unloading 58 unused Assets to reduce memory usage. Loaded Objects now: 13029.
Total: 57.385800 ms (FindLiveObjects: 0.440300 ms CreateObjectMapping: 0.250600 ms MarkObjects: 56.655000 ms  DeleteObjects: 0.039700 ms)

Unloading 3 Unused Serialized files (Serialized files now loaded: 0)
UnloadTime: 0.191700 ms

Unloading 1 unused Assets to reduce memory usage. Loaded Objects now: 13655.
Total: 58.672800 ms (FindLiveObjects: 0.378500 ms CreateObjectMapping: 0.281500 ms MarkObjects: 57.994900 ms  DeleteObjects: 0.017400 ms)

Initializing new game with mods:
  - brrainz.harmony
  - hodlhodl.toolkitcore
  - Ludeon.RimWorld
  - hodlhodl.twitchtoolkit
  - sirrandoo.tku
Unloading 0 Unused Serialized files (Serialized files now loaded: 0)

Unloading 0 unused Assets to reduce memory usage. Loaded Objects now: 17834.
Total: 92.322400 ms (FindLiveObjects: 0.381700 ms CreateObjectMapping: 0.338000 ms MarkObjects: 91.581000 ms  DeleteObjects: 0.021400 ms)

INFO ToolkitUtils :: {"_links":{},"chatter_count":3,"chatters":{"broadcaster":[],"vips":[],"moderators":["nightbot","streamelements"],"staff":[],"admins":[],"global_mods":[],"viewers":["business_daddy"]}}
Exception filling window for SirRandoo.CommonLib.Windows.ProxySettingsWindow: System.Exception: Twitch username does not appear to be valid. 
  at TwitchLib.Client.Models.ConnectionCredentials..ctor (System.String twitchUsername, System.String twitchOAuth, System.String twitchWebsocketURI, System.Boolean disableUsernameCheck) [0x0002c] in <c9d93d43045b41948f1fb722c1568dc0>:0 
  at ToolkitCore.TwitchWrapper.StartAsync () [0x00000] in <cce5a9f399864cdc8194aac71a727132>:0 
  at ToolkitCore.ToolkitCoreSettings.DoWindowContents (UnityEngine.Rect inRect) [0x003b2] in <cce5a9f399864cdc8194aac71a727132>:0 
  at ToolkitCore.ToolkitCore.DoSettingsWindowContents (UnityEngine.Rect inRect) [0x00000] in <cce5a9f399864cdc8194aac71a727132>:0 
  at SirRandoo.CommonLib.Windows.ProxySettingsWindow.DrawSettings (UnityEngine.Rect region) [0x00000] in <5049f35ab8d6467bb7c240cab3e5890b>:0 
  at SirRandoo.CommonLib.Windows.ProxySettingsWindow.DoWindowContents (UnityEngine.Rect region) [0x00082] in <5049f35ab8d6467bb7c240cab3e5890b>:0 
  at Verse.Window.InnerWindowOnGUI (System.Int32 x) [0x001d3] in <81af9f8a18324e17b286924a43555a7c>:0  
(Filename: C:\buildslave\unity\build\Runtime/Export/Debug/Debug.bindings.h Line: 39)

Exception filling window for SirRandoo.CommonLib.Windows.ProxySettingsWindow: System.Exception: Twitch username does not appear to be valid. 
  at TwitchLib.Client.Models.ConnectionCredentials..ctor (System.String twitchUsername, System.String twitchOAuth, System.String twitchWebsocketURI, System.Boolean disableUsernameCheck) [0x0002c] in <c9d93d43045b41948f1fb722c1568dc0>:0 
  at ToolkitCore.TwitchWrapper.StartAsync () [0x00000] in <cce5a9f399864cdc8194aac71a727132>:0 
  at ToolkitCore.ToolkitCoreSettings.DoWindowContents (UnityEngine.Rect inRect) [0x003b2] in <cce5a9f399864cdc8194aac71a727132>:0 
  at ToolkitCore.ToolkitCore.DoSettingsWindowContents (UnityEngine.Rect inRect) [0x00000] in <cce5a9f399864cdc8194aac71a727132>:0 
  at SirRandoo.CommonLib.Windows.ProxySettingsWindow.DrawSettings (UnityEngine.Rect region) [0x00000] in <5049f35ab8d6467bb7c240cab3e5890b>:0 
  at SirRandoo.CommonLib.Windows.ProxySettingsWindow.DoWindowContents (UnityEngine.Rect region) [0x00082] in <5049f35ab8d6467bb7c240cab3e5890b>:0 
  at Verse.Window.InnerWindowOnGUI (System.Int32 x) [0x001d3] in <81af9f8a18324e17b286924a43555a7c>:0  
(Filename: C:\buildslave\unity\build\Runtime/Export/Debug/Debug.bindings.h Line: 39)

Exception filling window for SirRandoo.CommonLib.Windows.ProxySettingsWindow: System.Exception: Twitch username does not appear to be valid. 
  at TwitchLib.Client.Models.ConnectionCredentials..ctor (System.String twitchUsername, System.String twitchOAuth, System.String twitchWebsocketURI, System.Boolean disableUsernameCheck) [0x0002c] in <c9d93d43045b41948f1fb722c1568dc0>:0 
  at ToolkitCore.TwitchWrapper.StartAsync () [0x00000] in <cce5a9f399864cdc8194aac71a727132>:0 
  at ToolkitCore.ToolkitCoreSettings.DoWindowContents (UnityEngine.Rect inRect) [0x003b2] in <cce5a9f399864cdc8194aac71a727132>:0 
  at ToolkitCore.ToolkitCore.DoSettingsWindowContents (UnityEngine.Rect inRect) [0x00000] in <cce5a9f399864cdc8194aac71a727132>:0 
  at SirRandoo.CommonLib.Windows.ProxySettingsWindow.DrawSettings (UnityEngine.Rect region) [0x00000] in <5049f35ab8d6467bb7c240cab3e5890b>:0 
  at SirRandoo.CommonLib.Windows.ProxySettingsWindow.DoWindowContents (UnityEngine.Rect region) [0x00082] in <5049f35ab8d6467bb7c240cab3e5890b>:0 
  at Verse.Window.InnerWindowOnGUI (System.Int32 x) [0x001d3] in <81af9f8a18324e17b286924a43555a7c>:0  
(Filename: C:\buildslave\unity\build\Runtime/Export/Debug/Debug.bindings.h Line: 39)

Exception filling window for SirRandoo.CommonLib.Windows.ProxySettingsWindow: System.Exception: Twitch username does not appear to be valid. 
  at TwitchLib.Client.Models.ConnectionCredentials..ctor (System.String twitchUsername, System.String twitchOAuth, System.String twitchWebsocketURI, System.Boolean disableUsernameCheck) [0x0002c] in <c9d93d43045b41948f1fb722c1568dc0>:0 
  at ToolkitCore.TwitchWrapper.StartAsync () [0x00000] in <cce5a9f399864cdc8194aac71a727132>:0 
  at ToolkitCore.ToolkitCoreSettings.DoWindowContents (UnityEngine.Rect inRect) [0x003b2] in <cce5a9f399864cdc8194aac71a727132>:0 
  at ToolkitCore.ToolkitCore.DoSettingsWindowContents (UnityEngine.Rect inRect) [0x00000] in <cce5a9f399864cdc8194aac71a727132>:0 
  at SirRandoo.CommonLib.Windows.ProxySettingsWindow.DrawSettings (UnityEngine.Rect region) [0x00000] in <5049f35ab8d6467bb7c240cab3e5890b>:0 
  at SirRandoo.CommonLib.Windows.ProxySettingsWindow.DoWindowContents (UnityEngine.Rect region) [0x00082] in <5049f35ab8d6467bb7c240cab3e5890b>:0 
  at Verse.Window.InnerWindowOnGUI (System.Int32 x) [0x001d3] in <81af9f8a18324e17b286924a43555a7c>:0  
(Filename: C:\buildslave\unity\build\Runtime/Export/Debug/Debug.bindings.h Line: 39)

Exception filling window for SirRandoo.CommonLib.Windows.ProxySettingsWindow: System.Exception: Twitch username does not appear to be valid. 
  at TwitchLib.Client.Models.ConnectionCredentials..ctor (System.String twitchUsername, System.String twitchOAuth, System.String twitchWebsocketURI, System.Boolean disableUsernameCheck) [0x0002c] in <c9d93d43045b41948f1fb722c1568dc0>:0 
  at ToolkitCore.TwitchWrapper.StartAsync () [0x00000] in <cce5a9f399864cdc8194aac71a727132>:0 
  at ToolkitCore.ToolkitCoreSettings.DoWindowContents (UnityEngine.Rect inRect) [0x003b2] in <cce5a9f399864cdc8194aac71a727132>:0 
  at ToolkitCore.ToolkitCore.DoSettingsWindowContents (UnityEngine.Rect inRect) [0x00000] in <cce5a9f399864cdc8194aac71a727132>:0 
  at SirRandoo.CommonLib.Windows.ProxySettingsWindow.DrawSettings (UnityEngine.Rect region) [0x00000] in <5049f35ab8d6467bb7c240cab3e5890b>:0 
  at SirRandoo.CommonLib.Windows.ProxySettingsWindow.DoWindowContents (UnityEngine.Rect region) [0x00082] in <5049f35ab8d6467bb7c240cab3e5890b>:0 
  at Verse.Window.InnerWindowOnGUI (System.Int32 x) [0x001d3] in <81af9f8a18324e17b286924a43555a7c>:0  
(Filename: C:\buildslave\unity\build\Runtime/Export/Debug/Debug.bindings.h Line: 39)

Exception filling window for SirRandoo.CommonLib.Windows.ProxySettingsWindow: System.Exception: Twitch username does not appear to be valid. 
  at TwitchLib.Client.Models.ConnectionCredentials..ctor (System.String twitchUsername, System.String twitchOAuth, System.String twitchWebsocketURI, System.Boolean disableUsernameCheck) [0x0002c] in <c9d93d43045b41948f1fb722c1568dc0>:0 
  at ToolkitCore.TwitchWrapper.StartAsync () [0x00000] in <cce5a9f399864cdc8194aac71a727132>:0 
  at ToolkitCore.ToolkitCoreSettings.DoWindowContents (UnityEngine.Rect inRect) [0x003b2] in <cce5a9f399864cdc8194aac71a727132>:0 
  at ToolkitCore.ToolkitCore.DoSettingsWindowContents (UnityEngine.Rect inRect) [0x00000] in <cce5a9f399864cdc8194aac71a727132>:0 
  at SirRandoo.CommonLib.Windows.ProxySettingsWindow.DrawSettings (UnityEngine.Rect region) [0x00000] in <5049f35ab8d6467bb7c240cab3e5890b>:0 
  at SirRandoo.CommonLib.Windows.ProxySettingsWindow.DoWindowContents (UnityEngine.Rect region) [0x00082] in <5049f35ab8d6467bb7c240cab3e5890b>:0 
  at Verse.Window.InnerWindowOnGUI (System.Int32 x) [0x001d3] in <81af9f8a18324e17b286924a43555a7c>:0  
(Filename: C:\buildslave\unity\build\Runtime/Export/Debug/Debug.bindings.h Line: 39)

Client has experienced a connection error. TwitchLib.Client.Models.ErrorEvent 
(Filename: C:\buildslave\unity\build\Runtime/Export/Debug/Debug.bindings.h Line: 39)

Client has disconnected 
(Filename: C:\buildslave\unity\build\Runtime/Export/Debug/Debug.bindings.h Line: 39)

<color=#6441A4>[Toolkit]</color> exposing vote weights
Client has experienced a connection error. TwitchLib.Client.Models.ErrorEvent 
(Filename: C:\buildslave\unity\build\Runtime/Export/Debug/Debug.bindings.h Line: 39)

Client has disconnected 
(Filename: C:\buildslave\unity\build\Runtime/Export/Debug/Debug.bindings.h Line: 39)

Client has experienced a connection error. TwitchLib.Client.Models.ErrorEvent 
(Filename: C:\buildslave\unity\build\Runtime/Export/Debug/Debug.bindings.h Line: 39)

Client has disconnected 
(Filename: C:\buildslave\unity\build\Runtime/Export/Debug/Debug.bindings.h Line: 39)

Client has experienced a connection error. TwitchLib.Client.Models.ErrorEvent 
(Filename: C:\buildslave\unity\build\Runtime/Export/Debug/Debug.bindings.h Line: 39)

Client has disconnected 
(Filename: C:\buildslave\unity\build\Runtime/Export/Debug/Debug.bindings.h Line: 39)

Unaccounted for [UserState]: id
<color=#6441A4>[Toolkit]</color> exposing vote weights
<color=#6441A4>[Toolkit]</color> exposing vote weights
<color="#FF6B00">WARN ToolkitUtils :: ToolkitCore's viewer data was null. Recreating...</color>
<color="#FF6B00">WARN ToolkitUtils :: ToolkitCore's viewer data was null. Recreating...</color>
<color="#FF6B00">WARN ToolkitUtils :: ToolkitCore's viewer data was null. Recreating...</color>
<color="#FF6B00">WARN ToolkitUtils :: ToolkitCore's viewer data was null. Recreating...</color>
<color="#FF6B00">WARN ToolkitUtils :: ToolkitCore's viewer data was null. Recreating...</color>
Unaccounted for [UserState]: id
<color=#6441A4>[Toolkit]</color> Viewer solar_cerberus added to active viewers through chat participation but not in chatter list.
<color=#6441A4>[Toolkit]</color> Viewer solar_cerberus added to active viewers through chat participation but not in chatter list.
Unaccounted for [UserState]: id
INFO ToolkitUtils :: {"_links":{},"chatter_count":4,"chatters":{"broadcaster":["solar_cerberus"],"vips":[],"moderators":["nightbot","streamelements"],"staff":[],"admins":[],"global_mods":[],"viewers":["business_daddy"]}}
Client has disconnected 
(Filename: C:\buildslave\unity\build\Runtime/Export/Debug/Debug.bindings.h Line: 39)

Unaccounted for [UserState]: id
<color=#6441A4>[Toolkit]</color> Viewer solar_cerberus added to active viewers through chat participation but not in chatter list.
Unaccounted for [UserState]: id
<color=#6441A4>[Toolkit]</color> Viewer solar_cerberus added to active viewers through chat participation but not in chatter list.
<color=#6441A4>[Toolkit]</color> exposing vote weights
INFO ToolkitUtils :: {"_links":{},"chatter_count":3,"chatters":{"broadcaster":["solar_cerberus"],"vips":[],"moderators":["streamelements"],"staff":[],"admins":[],"global_mods":[],"viewers":["business_daddy"]}}
<color=#6441A4>[Toolkit]</color> Viewer solar_cerberus added to active viewers through chat participation but not in chatter list.
Unaccounted for [UserState]: id
Unaccounted for [UserState]: id
INFO ToolkitUtils :: {"_links":{},"chatter_count":4,"chatters":{"broadcaster":["solar_cerberus"],"vips":[],"moderators":["nightbot","streamelements"],"staff":[],"admins":[],"global_mods":[],"viewers":["business_daddy"]}}
Client has disconnected 
(Filename: C:\buildslave\unity\build\Runtime/Export/Debug/Debug.bindings.h Line: 39)

Client has experienced a connection error. TwitchLib.Client.Models.ErrorEvent 
(Filename: C:\buildslave\unity\build\Runtime/Export/Debug/Debug.bindings.h Line: 39)

Client has disconnected 
(Filename: C:\buildslave\unity\build\Runtime/Export/Debug/Debug.bindings.h Line: 39)

Unaccounted for [UserState]: id
<color=#6441A4>[Toolkit]</color> Viewer solar_cerberus added to active viewers through chat participation but not in chatter list.
<color=#6441A4>[Toolkit]</color> Viewer solar_bot_ added to active viewers through chat participation but not in chatter list.
Unaccounted for [UserState]: id
<color=#6441A4>[Toolkit]</color> abr: agavefruit 
Unaccounted for [UserState]: id
Unaccounted for [UserState]: id
Unaccounted for [UserState]: id
Unaccounted for [UserState]: id
<color=#6441A4>[Toolkit]</color> abr: agavefruit 
<color=#6441A4>[Toolkit]</color> Viewer solar_cerberus added to active viewers through chat participation but not in chatter list.
<color=#6441A4>[Toolkit]</color> Calculating new karma with 100, and karma type Good for 60 with curve 1 tier 0.7142857
Unaccounted for [UserState]: id
Key binding conflict: MapDolly_Left and Designator_RotateLeft are both bound to Q. 
(Filename: C:\buildslave\unity\build\Runtime/Export/Debug/Debug.bindings.h Line: 39)

<color=#6441A4>[Toolkit]</color> Viewer solar_cerberus added to active viewers through chat participation but not in chatter list.
<color=#6441A4>[Toolkit]</color> exposing vote weights
<color=#6441A4>[Toolkit]</color> Viewer solar_cerberus added to active viewers through chat participation but not in chatter list.
INFO ToolkitUtils :: {"_links":{},"chatter_count":5,"chatters":{"broadcaster":["solar_cerberus"],"vips":[],"moderators":["nightbot","streamelements","solar_bot_"],"staff":[],"admins":[],"global_mods":[],"viewers":["business_daddy"]}}
<color=#6441A4>[Toolkit]</color> exposing vote weights
